  simul.cpp
simul.cpp(19): error C2059: erreur de syntaxe : ','
simul.cpp(19): error C2059: erreur de syntaxe : ':'
